<?xml version="1.0" encoding="UTF-8"?>
<!-- Generated by org.testng.reporters.JUnitReportReporter -->
<testsuite hostname="Sampath-Laptop" failures="0" tests="3" name="files.DynamicJson" time="2.866" errors="0" timestamp="2024-09-28T17:26:36 IST" skipped="0">
  <testcase classname="files.DynamicJson" name="addBook" time="2.474"/>
  <testcase classname="files.DynamicJson" name="addBook" time="0.196"/>
  <testcase classname="files.DynamicJson" name="addBook" time="0.196"/>
</testsuite> <!-- files.DynamicJson -->
